<?xml version="1.0" encoding="UTF-8"?>
<coverage generated="1617019699763" clover="3.2.0">
  <project timestamp="1617019699763" name="All files">
    <metrics statements="25" coveredstatements="18" conditionals="12" coveredconditionals="10" methods="8" coveredmethods="4" elements="45" coveredelements="32" complexity="0" loc="25" ncloc="25" packages="1" files="2" classes="2"/>
    <file name="game.jsx" path="C:\Users\ayca2\Desktop\4. Sınıf Bahar\Web programlama\odev04\src\game.jsx">
      <metrics statements="22" coveredstatements="18" conditionals="12" coveredconditionals="10" methods="7" coveredmethods="4"/>
      <line num="5" count="4" type="stmt"/>
      <line num="6" count="4" type="stmt"/>
      <line num="16" count="4" type="stmt"/>
      <line num="17" count="3" type="stmt"/>
      <line num="19" count="3" type="cond" truecount="1" falsecount="1"/>
      <line num="20" count="3" type="stmt"/>
      <line num="23" count="3" type="cond" truecount="2" falsecount="0"/>
      <line num="24" count="2" type="stmt"/>
      <line num="25" count="2" type="stmt"/>
      <line num="27" count="1" type="stmt"/>
      <line num="28" count="1" type="cond" truecount="1" falsecount="1"/>
      <line num="29" count="0" type="stmt"/>
      <line num="32" count="3" type="stmt"/>
      <line num="38" count="3" type="cond" truecount="2" falsecount="0"/>
      <line num="39" count="2" type="stmt"/>
      <line num="47" count="4" type="stmt"/>
      <line num="48" count="0" type="stmt"/>
      <line num="58" count="7" type="stmt"/>
      <line num="59" count="7" type="stmt"/>
      <line num="63" count="3" type="stmt"/>
      <line num="64" count="0" type="stmt"/>
      <line num="65" count="0" type="stmt"/>
    </file>
    <file name="index.jsx" path="C:\Users\ayca2\Desktop\4. Sınıf Bahar\Web programlama\odev04\src\index.jsx">
      <metrics statements="3" coveredstatements="0" conditionals="0" coveredconditionals="0" methods="1" coveredmethods="0"/>
      <line num="5" count="0" type="stmt"/>
      <line num="7" count="0" type="stmt"/>
      <line num="12" count="0" type="stmt"/>
    </file>
  </project>
</coverage>
