TN:
SF:src\game.jsx
FN:4,(anonymous_0)
FN:16,(anonymous_1)
FN:47,(anonymous_2)
FN:57,(anonymous_3)
FN:63,(anonymous_4)
FN:64,(anonymous_5)
FN:65,(anonymous_6)
FNF:7
FNH:4
FNDA:4,(anonymous_0)
FNDA:3,(anonymous_1)
FNDA:0,(anonymous_2)
FNDA:7,(anonymous_3)
FNDA:3,(anonymous_4)
FNDA:0,(anonymous_5)
FNDA:0,(anonymous_6)
DA:5,4
DA:6,4
DA:16,4
DA:17,3
DA:19,3
DA:20,3
DA:23,3
DA:24,2
DA:25,2
DA:27,1
DA:28,1
DA:29,0
DA:32,3
DA:38,3
DA:39,2
DA:47,4
DA:48,0
DA:58,7
DA:59,7
DA:63,3
DA:64,0
DA:65,0
LF:22
LH:18
BRDA:19,0,0,3
BRDA:19,0,1,0
BRDA:23,1,0,2
BRDA:23,1,1,1
BRDA:28,2,0,0
BRDA:28,2,1,1
BRDA:38,3,0,2
BRDA:38,3,1,1
BRDA:67,4,0,2
BRDA:67,4,1,5
BRDA:68,5,0,7
BRDA:68,5,1,2
BRF:12
BRH:10
end_of_record
TN:
SF:src\index.jsx
FN:5,(anonymous_0)
FNF:1
FNH:0
FNDA:0,(anonymous_0)
DA:5,0
DA:7,0
DA:12,0
LF:3
LH:0
BRF:0
BRH:0
end_of_record
